<?xml version="1.0" encoding="UTF-8"?>
<!-- Generated by org.testng.reporters.JUnitXMLReporter -->
<testsuite ignored="7" hostname="Manoj" failures="0" tests="2" name="Test" time="0.056" errors="0" timestamp="2023-03-01T21:59:03 IST">
  <testcase classname="Pack2.Z" name="Tc_1" time="0.01"/>
  <testcase classname="Pack1.B" name="Tc_001" time="0.001"/>
  <testcase classname="Pack1.C" name="Tc_001" time="0.0">
    <ignored/>
  </testcase> <!-- Tc_001 -->
  <testcase classname="Pack1.A" name="Tc_001" time="0.0">
    <ignored/>
  </testcase> <!-- Tc_001 -->
  <testcase classname="Pack1.A" name="Tc_002" time="0.0">
    <ignored/>
  </testcase> <!-- Tc_002 -->
  <testcase classname="Pack1.C" name="Tc_002" time="0.0">
    <ignored/>
  </testcase> <!-- Tc_002 -->
  <testcase classname="Pack1.B" name="Tc_002" time="0.0">
    <ignored/>
  </testcase> <!-- Tc_002 -->
  <testcase classname="Pack1.C" name="Tc_003" time="0.0">
    <ignored/>
  </testcase> <!-- Tc_003 -->
  <testcase classname="Pack1.A" name="Tc_003" time="0.0">
    <ignored/>
  </testcase> <!-- Tc_003 -->
</testsuite> <!-- Test -->
