<?xml version="1.0" encoding="UTF-8"?>
<testng-results ignored="0" total="3" passed="3" failed="0" skipped="0">
  <reporter-output>
  </reporter-output>
  <suite started-at="2023-02-28T23:09:46 IST" name="Default suite" finished-at="2023-02-28T23:09:46 IST" duration-ms="41">
    <groups>
    </groups>
    <test started-at="2023-02-28T23:09:46 IST" name="Default test" finished-at="2023-02-28T23:09:46 IST" duration-ms="41">
      <class name="Pack1.A">
        <test-method is-config="true" signature="Start()[pri:0, instance:Pack1.A@79b06cab]" started-at="2023-02-28T23:09:46 IST" name="Start" finished-at="2023-02-28T23:09:46 IST" duration-ms="5" status="PASS">
          <reporter-output>
          </reporter-output>
        </test-method> <!-- Start -->
        <test-method signature="Tc_001()[pri:0, instance:Pack1.A@79b06cab]" started-at="2023-02-28T23:09:46 IST" name="Tc_001" finished-at="2023-02-28T23:09:46 IST" duration-ms="4" status="PASS">
          <reporter-output>
          </reporter-output>
        </test-method> <!-- Tc_001 -->
        <test-method signature="Tc_002()[pri:0, instance:Pack1.A@79b06cab]" started-at="2023-02-28T23:09:46 IST" name="Tc_002" finished-at="2023-02-28T23:09:46 IST" duration-ms="2" status="PASS">
          <reporter-output>
          </reporter-output>
        </test-method> <!-- Tc_002 -->
        <test-method signature="Tc_003()[pri:0, instance:Pack1.A@79b06cab]" started-at="2023-02-28T23:09:46 IST" name="Tc_003" finished-at="2023-02-28T23:09:46 IST" duration-ms="1" status="PASS">
          <reporter-output>
          </reporter-output>
        </test-method> <!-- Tc_003 -->
        <test-method is-config="true" signature="close()[pri:0, instance:Pack1.A@79b06cab]" started-at="2023-02-28T23:09:46 IST" name="close" finished-at="2023-02-28T23:09:46 IST" duration-ms="0" status="PASS">
          <reporter-output>
          </reporter-output>
        </test-method> <!-- close -->
      </class> <!-- Pack1.A -->
    </test> <!-- Default test -->
  </suite> <!-- Default suite -->
</testng-results>
