<?xml version="1.0" encoding="UTF-8"?>
<testng-results ignored="0" total="1" passed="1" failed="0" skipped="0">
  <reporter-output>
  </reporter-output>
  <suite started-at="2023-02-03T21:00:42 IST" name="Default suite" finished-at="2023-02-03T21:01:42 IST" duration-ms="60586">
    <groups>
    </groups>
    <test started-at="2023-02-03T21:00:42 IST" name="Default test" finished-at="2023-02-03T21:01:42 IST" duration-ms="60586">
      <class name="PlayerPortal.PlayerLogin">
        <test-method is-config="true" signature="createDriver()[pri:0, instance:PlayerPortal.PlayerLogin@15eb5ee5]" started-at="2023-02-03T21:00:42 IST" name="createDriver" finished-at="2023-02-03T21:00:58 IST" duration-ms="16709" status="PASS">
          <reporter-output>
          </reporter-output>
        </test-method> <!-- createDriver -->
        <test-method signature="TestCase_001()[pri:0, instance:PlayerPortal.PlayerLogin@15eb5ee5]" started-at="2023-02-03T21:00:58 IST" name="TestCase_001" finished-at="2023-02-03T21:01:42 IST" duration-ms="43838" status="PASS">
          <reporter-output>
          </reporter-output>
        </test-method> <!-- TestCase_001 -->
        <test-method is-config="true" signature="closeBrowser()[pri:0, instance:PlayerPortal.PlayerLogin@15eb5ee5]" started-at="2023-02-03T21:01:42 IST" name="closeBrowser" finished-at="2023-02-03T21:01:42 IST" duration-ms="1" status="PASS">
          <reporter-output>
          </reporter-output>
        </test-method> <!-- closeBrowser -->
      </class> <!-- PlayerPortal.PlayerLogin -->
    </test> <!-- Default test -->
  </suite> <!-- Default suite -->
</testng-results>
