<?xml version="1.0" encoding="UTF-8"?>
<!-- Generated by org.testng.reporters.JUnitXMLReporter -->
<testsuite ignored="2" hostname="Manoj" failures="0" tests="2" name="Test" time="33.379" errors="0" timestamp="2023-04-09T18:58:53 IST">
  <testcase classname="hrtc.IFramesDemo" name="w3school_Tciframe" time="1.325"/>
  <testcase classname="hrtc.SeleniumSample" name="testAutomation0001" time="0.809"/>
  <testcase classname="hrtc.SeleniumSample" name="testAutomationPractice" time="0.0">
    <ignored/>
  </testcase> <!-- testAutomationPractice -->
  <testcase classname="hrtc.IFramesDemo" name="TC_iframe001" time="0.0">
    <ignored/>
  </testcase> <!-- TC_iframe001 -->
</testsuite> <!-- Test -->
