<?xml version="1.0" encoding="UTF-8"?>
<!-- Generated by org.testng.reporters.JUnitXMLReporter -->
<testsuite ignored="5" hostname="Manoj" failures="3" tests="3" name="Test(failed)" time="0.045" errors="0" timestamp="2023-02-28T23:59:22 IST">
  <testcase classname="Pack1.A" name="Tc_003" time="0.006">
    <failure type="java.lang.AssertionError" message="[Error]- Not Matched -  expected [Hi] but found [Hello]">
      <![CDATA[java.lang.AssertionError: [Error]- Not Matched -  expected [Hi] but found [Hello]
at Pack1.A.Tc_003(A.java:38)
at java.base/java.util.ArrayList.forEach(ArrayList.java:1511)
... Removed 32 stack frames]]>
    </failure>
  </testcase> <!-- Tc_003 -->
  <testcase classname="Pack1.C" name="Tc_003" time="0.0">
    <failure type="java.lang.AssertionError" message="expected [true] but found [false]">
      <![CDATA[java.lang.AssertionError: expected [true] but found [false]
at Pack1.C.Tc_003(C.java:28)
at java.base/java.util.ArrayList.forEach(ArrayList.java:1511)
... Removed 31 stack frames]]>
    </failure>
  </testcase> <!-- Tc_003 -->
  <testcase classname="Pack1.B" name="Tc_002" time="0.0">
    <failure type="java.lang.AssertionError" message="expected [Hillo] but found [Hello]">
      <![CDATA[java.lang.AssertionError: expected [Hillo] but found [Hello]
at Pack1.B.Tc_002(B.java:24)
at java.base/java.util.ArrayList.forEach(ArrayList.java:1511)
... Removed 33 stack frames]]>
    </failure>
  </testcase> <!-- Tc_002 -->
  <testcase classname="Pack1.C" name="Tc_001" time="0.0">
    <ignored/>
  </testcase> <!-- Tc_001 -->
  <testcase classname="Pack1.A" name="Tc_001" time="0.0">
    <ignored/>
  </testcase> <!-- Tc_001 -->
  <testcase classname="Pack1.A" name="Tc_002" time="0.0">
    <ignored/>
  </testcase> <!-- Tc_002 -->
  <testcase classname="Pack1.C" name="Tc_002" time="0.0">
    <ignored/>
  </testcase> <!-- Tc_002 -->
  <testcase classname="Pack1.B" name="Tc_001" time="0.0">
    <ignored/>
  </testcase> <!-- Tc_001 -->
</testsuite> <!-- Test(failed) -->
